<?xml version="1.0" encoding="UTF-8"?>
<!-- Generated by org.testng.reporters.JUnitReportReporter -->
<testsuite skipped="0" hostname="DESKTOP-RJMKAB9" name="com.testscripts.TC_hrms_102" tests="1" failures="0" timestamp="22 Jan 2021 20:14:34 GMT" time="106.391" errors="0">
  <testcase name="testcase002" time="106.391" classname="com.testscripts.TC_hrms_102"/>
</testsuite> <!-- com.testscripts.TC_hrms_102 -->
