<?xml version="1.0" encoding="UTF-8"?>
<!-- Generated by org.testng.reporters.JUnitReportReporter -->
<testsuite skipped="0" hostname="DESKTOP-RJMKAB9" name="com.testscripts.TC_hrms_101" tests="1" failures="0" timestamp="22 Jan 2021 20:14:33 GMT" time="65.981" errors="0">
  <testcase name="testcase001" time="65.981" classname="com.testscripts.TC_hrms_101"/>
</testsuite> <!-- com.testscripts.TC_hrms_101 -->
